<?xml version="1.0" encoding="UTF-8"?>
<!-- Generated by org.testng.reporters.JUnitReportReporter -->
<testsuite hostname="DESKTOP-T4AC8E8" failures="0" tests="3" name="com.Volvocars.qa.TestCases.VolvoCarsTestCases" time="38.795" errors="0" timestamp="2023-04-27T20:18:56 IST" skipped="0">
  <testcase classname="com.Volvocars.qa.TestCases.VolvoCarsTestCases" name="validatePageTitle" time="13.080"/>
  <system-out/>
  <testcase classname="com.Volvocars.qa.TestCases.VolvoCarsTestCases" name="validateSubMenuOptionIsVisibleInMenu" time="14.764"/>
  <system-out/>
  <testcase classname="com.Volvocars.qa.TestCases.VolvoCarsTestCases" name="validateCarsHeaderDisplayAfterClickOnOurCar" time="10.951"/>
  <system-out/>
</testsuite> <!-- com.Volvocars.qa.TestCases.VolvoCarsTestCases -->
