<?xml version="1.0" encoding="UTF-8"?>
<!-- Generated by org.testng.reporters.JUnitReportReporter -->
<testsuite hostname="DESKTOP-T4AC8E8" failures="0" tests="1" name="com.Volvocars.qa.TestCases.PolicyBazaarCountryDetailPageTestCase" time="7.808" errors="0" timestamp="2023-04-27T19:10:49 IST" skipped="0">
  <testcase classname="com.Volvocars.qa.TestCases.PolicyBazaarCountryDetailPageTestCase" name="validatePinCode" time="7.808"/>
  <system-out/>
</testsuite> <!-- com.Volvocars.qa.TestCases.PolicyBazaarCountryDetailPageTestCase -->
